0 info it worked if it ends with ok
1 verbose cli [ '/usr/bin/node', '/usr/bin/npm', 'install' ]
2 info using npm@3.5.2
3 info using node@v8.10.0
4 silly loadCurrentTree Starting
5 silly install loadCurrentTree
6 silly install readLocalPackageData
7 silly install normalizeTree
8 silly loadCurrentTree Finishing
9 silly loadIdealTree Starting
10 silly install loadIdealTree
11 silly cloneCurrentTree Starting
12 silly install cloneCurrentTreeToIdealTree
13 silly cloneCurrentTree Finishing
14 silly loadShrinkwrap Starting
15 silly install loadShrinkwrap
16 silly loadShrinkwrap Finishing
17 silly loadAllDepsIntoIdealTree Starting
18 silly install loadAllDepsIntoIdealTree
19 silly fetchNamedPackageData http
20 silly mapToRegistry name http
21 silly mapToRegistry using default registry
22 silly mapToRegistry registry https://registry.npmjs.org/
23 silly mapToRegistry uri https://registry.npmjs.org/http
24 silly fetchNamedPackageData mocha
25 silly mapToRegistry name mocha
26 silly mapToRegistry using default registry
27 silly mapToRegistry registry https://registry.npmjs.org/
28 silly mapToRegistry uri https://registry.npmjs.org/mocha
29 verbose request uri https://registry.npmjs.org/http
30 verbose request no auth needed
31 info attempt registry request try #1 at 9:16:05 AM
32 verbose request id 2602eb382f714fe1
33 verbose etag W/"73e97389a43fe76f2560ee4f55ead524"
34 verbose lastModified Fri, 24 Sep 2021 01:04:37 GMT
35 http request GET https://registry.npmjs.org/http
36 verbose request uri https://registry.npmjs.org/mocha
37 verbose request no auth needed
38 info attempt registry request try #1 at 9:16:05 AM
39 verbose etag W/"617dc44e57329b04cc878facfa7bf8d4"
40 verbose lastModified Sat, 25 Sep 2021 08:39:23 GMT
41 http request GET https://registry.npmjs.org/mocha
42 http 304 https://registry.npmjs.org/http
43 verbose headers { date: 'Sat, 25 Sep 2021 15:16:04 GMT',
43 verbose headers   connection: 'keep-alive',
43 verbose headers   'cf-ray': '69453627594f2707-DEN',
43 verbose headers   'cache-control': 'public, max-age=300',
43 verbose headers   etag: '"73e97389a43fe76f2560ee4f55ead524"',
43 verbose headers   'last-modified': 'Fri, 24 Sep 2021 01:04:37 GMT',
43 verbose headers   vary: 'Accept-Encoding',
43 verbose headers   'cf-cache-status': 'HIT',
43 verbose headers   'expect-ct': 'max-age=604800, report-uri="https://report-uri.cloudflare.com/cdn-cgi/beacon/expect-ct"',
43 verbose headers   'x-amz-replication-status': 'PENDING',
43 verbose headers   server: 'cloudflare' }
44 silly get cb [ 304,
44 silly get   { date: 'Sat, 25 Sep 2021 15:16:04 GMT',
44 silly get     connection: 'keep-alive',
44 silly get     'cf-ray': '69453627594f2707-DEN',
44 silly get     'cache-control': 'public, max-age=300',
44 silly get     etag: '"73e97389a43fe76f2560ee4f55ead524"',
44 silly get     'last-modified': 'Fri, 24 Sep 2021 01:04:37 GMT',
44 silly get     vary: 'Accept-Encoding',
44 silly get     'cf-cache-status': 'HIT',
44 silly get     'expect-ct': 'max-age=604800, report-uri="https://report-uri.cloudflare.com/cdn-cgi/beacon/expect-ct"',
44 silly get     'x-amz-replication-status': 'PENDING',
44 silly get     server: 'cloudflare' } ]
45 verbose etag https://registry.npmjs.org/http from cache
46 verbose get saving http to /home/ross/.npm/registry.npmjs.org/http/.cache.json
47 silly resolveWithNewModule http@0.0.0 checking installable status
48 silly cache add args [ 'http@0.0.0', null ]
49 verbose cache add spec http@0.0.0
50 silly cache add parsed spec Result {
50 silly cache add   raw: 'http@0.0.0',
50 silly cache add   scope: null,
50 silly cache add   name: 'http',
50 silly cache add   rawSpec: '0.0.0',
50 silly cache add   spec: '0.0.0',
50 silly cache add   type: 'version' }
51 silly addNamed http@0.0.0
52 verbose addNamed "0.0.0" is a plain semver version for http
53 silly mapToRegistry name http
54 silly mapToRegistry using default registry
55 silly mapToRegistry registry https://registry.npmjs.org/
56 silly mapToRegistry uri https://registry.npmjs.org/http
57 verbose addNameVersion registry:https://registry.npmjs.org/http not in flight; fetching
58 http 304 https://registry.npmjs.org/mocha
59 verbose headers { date: 'Sat, 25 Sep 2021 15:16:04 GMT',
59 verbose headers   connection: 'keep-alive',
59 verbose headers   'cf-ray': '694536276c50276a-DEN',
59 verbose headers   'cache-control': 'public, max-age=300',
59 verbose headers   etag: '"617dc44e57329b04cc878facfa7bf8d4"',
59 verbose headers   'last-modified': 'Sat, 25 Sep 2021 08:39:23 GMT',
59 verbose headers   vary: 'Accept-Encoding',
59 verbose headers   'cf-cache-status': 'HIT',
59 verbose headers   'expect-ct': 'max-age=604800, report-uri="https://report-uri.cloudflare.com/cdn-cgi/beacon/expect-ct"',
59 verbose headers   'x-amz-replication-status': 'COMPLETED',
59 verbose headers   server: 'cloudflare' }
60 silly get cb [ 304,
60 silly get   { date: 'Sat, 25 Sep 2021 15:16:04 GMT',
60 silly get     connection: 'keep-alive',
60 silly get     'cf-ray': '694536276c50276a-DEN',
60 silly get     'cache-control': 'public, max-age=300',
60 silly get     etag: '"617dc44e57329b04cc878facfa7bf8d4"',
60 silly get     'last-modified': 'Sat, 25 Sep 2021 08:39:23 GMT',
60 silly get     vary: 'Accept-Encoding',
60 silly get     'cf-cache-status': 'HIT',
60 silly get     'expect-ct': 'max-age=604800, report-uri="https://report-uri.cloudflare.com/cdn-cgi/beacon/expect-ct"',
60 silly get     'x-amz-replication-status': 'COMPLETED',
60 silly get     server: 'cloudflare' } ]
61 verbose etag https://registry.npmjs.org/mocha from cache
62 verbose get saving mocha to /home/ross/.npm/registry.npmjs.org/mocha/.cache.json
63 verbose get https://registry.npmjs.org/http not expired, no request
64 silly cache afterAdd http@0.0.0
65 verbose afterAdd /home/ross/.npm/http/0.0.0/package/package.json not in flight; writing
66 silly resolveWithNewModule mocha@8.4.0 checking installable status
67 silly cache add args [ 'mocha@^8.1.3', null ]
68 verbose cache add spec mocha@^8.1.3
69 silly cache add parsed spec Result {
69 silly cache add   raw: 'mocha@^8.1.3',
69 silly cache add   scope: null,
69 silly cache add   name: 'mocha',
69 silly cache add   rawSpec: '^8.1.3',
69 silly cache add   spec: '>=8.1.3 <9.0.0',
69 silly cache add   type: 'range' }
70 silly addNamed mocha@>=8.1.3 <9.0.0
71 verbose addNamed ">=8.1.3 <9.0.0" is a valid semver range for mocha
72 silly addNameRange { name: 'mocha', range: '>=8.1.3 <9.0.0', hasData: false }
73 silly mapToRegistry name mocha
74 silly mapToRegistry using default registry
75 silly mapToRegistry registry https://registry.npmjs.org/
76 silly mapToRegistry uri https://registry.npmjs.org/mocha
77 verbose addNameRange registry:https://registry.npmjs.org/mocha not in flight; fetching
78 verbose afterAdd /home/ross/.npm/http/0.0.0/package/package.json written
79 verbose get https://registry.npmjs.org/mocha not expired, no request
80 silly addNameRange number 2 { name: 'mocha', range: '>=8.1.3 <9.0.0', hasData: true }
81 silly addNameRange versions [ 'mocha',
81 silly addNameRange   [ '0.0.1-alpha1',
81 silly addNameRange     '0.0.1-alpha2',
81 silly addNameRange     '0.0.1-alpha3',
81 silly addNameRange     '0.0.1-alpha4',
81 silly addNameRange     '0.0.1-alpha5',
81 silly addNameRange     '0.0.1-alpha6',
81 silly addNameRange     '0.0.1',
81 silly addNameRange     '0.0.2',
81 silly addNameRange     '0.0.3',
81 silly addNameRange     '0.0.4',
81 silly addNameRange     '0.0.5',
81 silly addNameRange     '0.0.6',
81 silly addNameRange     '0.0.7',
81 silly addNameRange     '0.0.8',
81 silly addNameRange     '0.1.0',
81 silly addNameRange     '0.2.0',
81 silly addNameRange     '0.3.0',
81 silly addNameRange     '0.3.1',
81 silly addNameRange     '0.3.2',
81 silly addNameRange     '0.3.3',
81 silly addNameRange     '0.3.4',
81 silly addNameRange     '0.3.6',
81 silly addNameRange     '0.4.0',
81 silly addNameRange     '0.5.0',
81 silly addNameRange     '0.6.0',
81 silly addNameRange     '0.7.0',
81 silly addNameRange     '0.7.1',
81 silly addNameRange     '0.8.0',
81 silly addNameRange     '0.8.1',
81 silly addNameRange     '0.9.0',
81 silly addNameRange     '0.10.0',
81 silly addNameRange     '0.10.1',
81 silly addNameRange     '0.10.2',
81 silly addNameRange     '0.11.0',
81 silly addNameRange     '0.12.0',
81 silly addNameRange     '0.12.1',
81 silly addNameRange     '0.13.0',
81 silly addNameRange     '0.14.0',
81 silly addNameRange     '0.14.1',
81 silly addNameRange     '1.0.0',
81 silly addNameRange     '1.0.1',
81 silly addNameRange     '1.0.2',
81 silly addNameRange     '1.0.3',
81 silly addNameRange     '1.1.0',
81 silly addNameRange     '1.2.0',
81 silly addNameRange     '1.2.1',
81 silly addNameRange     '1.2.2',
81 silly addNameRange     '1.3.0',
81 silly addNameRange     '1.3.1',
81 silly addNameRange     '1.3.2',
81 silly addNameRange     '1.4.0',
81 silly addNameRange     '1.4.1',
81 silly addNameRange     '1.4.2',
81 silly addNameRange     '1.4.3',
81 silly addNameRange     '1.5.0',
81 silly addNameRange     '1.6.0',
81 silly addNameRange     '1.7.0',
81 silly addNameRange     '1.7.1',
81 silly addNameRange     '1.7.2',
81 silly addNameRange     '1.7.3',
81 silly addNameRange     '1.7.4',
81 silly addNameRange     '1.8.0',
81 silly addNameRange     '1.8.1',
81 silly addNameRange     '1.8.2',
81 silly addNameRange     '1.9.0',
81 silly addNameRange     '1.10.0',
81 silly addNameRange     '1.11.0',
81 silly addNameRange     '1.12.0',
81 silly addNameRange     '1.12.1',
81 silly addNameRange     '1.13.0',
81 silly addNameRange     '1.14.0',
81 silly addNameRange     '1.15.0',
81 silly addNameRange     '1.15.1',
81 silly addNameRange     '1.16.0',
81 silly addNameRange     '1.16.1',
81 silly addNameRange     '1.16.2',
81 silly addNameRange     '1.17.0',
81 silly addNameRange     '1.17.1',
81 silly addNameRange     '1.18.0',
81 silly addNameRange     '1.18.1',
81 silly addNameRange     '1.18.2',
81 silly addNameRange     '1.19.0',
81 silly addNameRange     '1.20.0',
81 silly addNameRange     '1.20.1',
81 silly addNameRange     '1.21.0',
81 silly addNameRange     '1.21.1',
81 silly addNameRange     '1.21.2',
81 silly addNameRange     '1.21.3',
81 silly addNameRange     '1.21.4',
81 silly addNameRange     '1.21.5',
81 silly addNameRange     '2.0.0',
81 silly addNameRange     '2.0.1',
81 silly addNameRange     '2.1.0',
81 silly addNameRange     '2.2.0',
81 silly addNameRange     '2.2.1',
81 silly addNameRange     '2.2.3',
81 silly addNameRange     '2.2.4',
81 silly addNameRange     '2.2.5',
81 silly addNameRange     '2.3.0',
81 silly addNameRange     '2.3.1',
81 silly addNameRange     ... 81 more items ] ]
82 silly addNamed mocha@8.4.0
83 verbose addNamed "8.4.0" is a plain semver version for mocha
84 silly cache afterAdd mocha@8.4.0
85 verbose afterAdd /home/ross/.npm/mocha/8.4.0/package/package.json not in flight; writing
86 verbose afterAdd /home/ross/.npm/mocha/8.4.0/package/package.json written
87 silly fetchNamedPackageData @ungap/promise-all-settled
88 silly mapToRegistry name @ungap/promise-all-settled
89 silly mapToRegistry scope (from package name) @ungap
90 verbose mapToRegistry no registry URL found in name for scope @ungap
91 silly mapToRegistry using default registry
92 silly mapToRegistry registry https://registry.npmjs.org/
93 silly mapToRegistry uri https://registry.npmjs.org/@ungap%2fpromise-all-settled
94 silly fetchNamedPackageData ansi-colors
95 silly mapToRegistry name ansi-colors
96 silly mapToRegistry using default registry
97 silly mapToRegistry registry https://registry.npmjs.org/
98 silly mapToRegistry uri https://registry.npmjs.org/ansi-colors
99 silly fetchNamedPackageData browser-stdout
100 silly mapToRegistry name browser-stdout
101 silly mapToRegistry using default registry
102 silly mapToRegistry registry https://registry.npmjs.org/
103 silly mapToRegistry uri https://registry.npmjs.org/browser-stdout
104 silly fetchNamedPackageData chokidar
105 silly mapToRegistry name chokidar
106 silly mapToRegistry using default registry
107 silly mapToRegistry registry https://registry.npmjs.org/
108 silly mapToRegistry uri https://registry.npmjs.org/chokidar
109 silly fetchNamedPackageData debug
110 silly mapToRegistry name debug
111 silly mapToRegistry using default registry
112 silly mapToRegistry registry https://registry.npmjs.org/
113 silly mapToRegistry uri https://registry.npmjs.org/debug
114 silly fetchNamedPackageData diff
115 silly mapToRegistry name diff
116 silly mapToRegistry using default registry
117 silly mapToRegistry registry https://registry.npmjs.org/
118 silly mapToRegistry uri https://registry.npmjs.org/diff
119 silly fetchNamedPackageData escape-string-regexp
120 silly mapToRegistry name escape-string-regexp
121 silly mapToRegistry using default registry
122 silly mapToRegistry registry https://registry.npmjs.org/
123 silly mapToRegistry uri https://registry.npmjs.org/escape-string-regexp
124 silly fetchNamedPackageData find-up
125 silly mapToRegistry name find-up
126 silly mapToRegistry using default registry
127 silly mapToRegistry registry https://registry.npmjs.org/
128 silly mapToRegistry uri https://registry.npmjs.org/find-up
129 silly fetchNamedPackageData glob
130 silly mapToRegistry name glob
131 silly mapToRegistry using default registry
132 silly mapToRegistry registry https://registry.npmjs.org/
133 silly mapToRegistry uri https://registry.npmjs.org/glob
134 silly fetchNamedPackageData growl
135 silly mapToRegistry name growl
136 silly mapToRegistry using default registry
137 silly mapToRegistry registry https://registry.npmjs.org/
138 silly mapToRegistry uri https://registry.npmjs.org/growl
139 silly fetchNamedPackageData he
140 silly mapToRegistry name he
141 silly mapToRegistry using default registry
142 silly mapToRegistry registry https://registry.npmjs.org/
143 silly mapToRegistry uri https://registry.npmjs.org/he
144 silly fetchNamedPackageData js-yaml
145 silly mapToRegistry name js-yaml
146 silly mapToRegistry using default registry
147 silly mapToRegistry registry https://registry.npmjs.org/
148 silly mapToRegistry uri https://registry.npmjs.org/js-yaml
149 silly fetchNamedPackageData log-symbols
150 silly mapToRegistry name log-symbols
151 silly mapToRegistry using default registry
152 silly mapToRegistry registry https://registry.npmjs.org/
153 silly mapToRegistry uri https://registry.npmjs.org/log-symbols
154 silly fetchNamedPackageData minimatch
155 silly mapToRegistry name minimatch
156 silly mapToRegistry using default registry
157 silly mapToRegistry registry https://registry.npmjs.org/
158 silly mapToRegistry uri https://registry.npmjs.org/minimatch
159 silly fetchNamedPackageData ms
160 silly mapToRegistry name ms
161 silly mapToRegistry using default registry
162 silly mapToRegistry registry https://registry.npmjs.org/
163 silly mapToRegistry uri https://registry.npmjs.org/ms
164 silly fetchNamedPackageData nanoid
165 silly mapToRegistry name nanoid
166 silly mapToRegistry using default registry
167 silly mapToRegistry registry https://registry.npmjs.org/
168 silly mapToRegistry uri https://registry.npmjs.org/nanoid
169 silly fetchNamedPackageData serialize-javascript
170 silly mapToRegistry name serialize-javascript
171 silly mapToRegistry using default registry
172 silly mapToRegistry registry https://registry.npmjs.org/
173 silly mapToRegistry uri https://registry.npmjs.org/serialize-javascript
174 silly fetchNamedPackageData strip-json-comments
175 silly mapToRegistry name strip-json-comments
176 silly mapToRegistry using default registry
177 silly mapToRegistry registry https://registry.npmjs.org/
178 silly mapToRegistry uri https://registry.npmjs.org/strip-json-comments
179 silly fetchNamedPackageData supports-color
180 silly mapToRegistry name supports-color
181 silly mapToRegistry using default registry
182 silly mapToRegistry registry https://registry.npmjs.org/
183 silly mapToRegistry uri https://registry.npmjs.org/supports-color
184 silly fetchNamedPackageData which
185 silly mapToRegistry name which
186 silly mapToRegistry using default registry
187 silly mapToRegistry registry https://registry.npmjs.org/
188 silly mapToRegistry uri https://registry.npmjs.org/which
189 silly fetchNamedPackageData wide-align
190 silly mapToRegistry name wide-align
191 silly mapToRegistry using default registry
192 silly mapToRegistry registry https://registry.npmjs.org/
193 silly mapToRegistry uri https://registry.npmjs.org/wide-align
194 silly fetchNamedPackageData workerpool
195 silly mapToRegistry name workerpool
196 silly mapToRegistry using default registry
197 silly mapToRegistry registry https://registry.npmjs.org/
198 silly mapToRegistry uri https://registry.npmjs.org/workerpool
199 silly fetchNamedPackageData yargs
200 silly mapToRegistry name yargs
201 silly mapToRegistry using default registry
202 silly mapToRegistry registry https://registry.npmjs.org/
203 silly mapToRegistry uri https://registry.npmjs.org/yargs
204 silly fetchNamedPackageData yargs-parser
205 silly mapToRegistry name yargs-parser
206 silly mapToRegistry using default registry
207 silly mapToRegistry registry https://registry.npmjs.org/
208 silly mapToRegistry uri https://registry.npmjs.org/yargs-parser
209 silly fetchNamedPackageData yargs-unparser
210 silly mapToRegistry name yargs-unparser
211 silly mapToRegistry using default registry
212 silly mapToRegistry registry https://registry.npmjs.org/
213 silly mapToRegistry uri https://registry.npmjs.org/yargs-unparser
214 verbose request uri https://registry.npmjs.org/@ungap%2fpromise-all-settled
215 verbose request no auth needed
216 info attempt registry request try #1 at 9:16:05 AM
217 verbose etag W/"2cdb74871b650d32d4a6d967a197e67a"
218 verbose lastModified Tue, 21 Jul 2020 14:49:27 GMT
219 http request GET https://registry.npmjs.org/@ungap%2fpromise-all-settled
220 verbose request uri https://registry.npmjs.org/browser-stdout
221 verbose request no auth needed
222 info attempt registry request try #1 at 9:16:05 AM
223 verbose etag W/"ad7ee1c0c8f38e2f2bef40d5d7f48977"
224 verbose lastModified Sat, 26 May 2018 19:02:02 GMT
225 http request GET https://registry.npmjs.org/browser-stdout
226 verbose request uri https://registry.npmjs.org/ansi-colors
227 verbose request no auth needed
228 info attempt registry request try #1 at 9:16:05 AM
229 verbose etag W/"f58fd59c3e565badf5cb5555e551e8cc"
230 verbose lastModified Wed, 03 Jul 2019 05:13:22 GMT
231 http request GET https://registry.npmjs.org/ansi-colors
232 verbose request uri https://registry.npmjs.org/chokidar
233 verbose request no auth needed
234 info attempt registry request try #1 at 9:16:05 AM
235 verbose etag W/"ab06c5306504b4bb0b430c9dd4c8df90"
236 verbose lastModified Tue, 15 Jun 2021 13:24:17 GMT
237 http request GET https://registry.npmjs.org/chokidar
238 verbose request uri https://registry.npmjs.org/diff
239 verbose request no auth needed
240 info attempt registry request try #1 at 9:16:05 AM
241 verbose etag W/"0c50c802d83b11e8c69fbb7b9e4ac98e"
242 verbose lastModified Sun, 08 Nov 2020 02:45:40 GMT
243 http request GET https://registry.npmjs.org/diff
244 verbose request uri https://registry.npmjs.org/debug
245 verbose request no auth needed
246 info attempt registry request try #1 at 9:16:05 AM
247 verbose etag W/"f0e481ad56f6386b5b2e63e5bed76413"
248 verbose lastModified Thu, 23 Sep 2021 14:56:59 GMT
249 http request GET https://registry.npmjs.org/debug
250 verbose request uri https://registry.npmjs.org/escape-string-regexp
251 verbose request no auth needed
252 info attempt registry request try #1 at 9:16:05 AM
253 verbose etag W/"47d605f4748c2d51d6a3cad8c028a98b"
254 verbose lastModified Sat, 17 Apr 2021 15:45:55 GMT
255 http request GET https://registry.npmjs.org/escape-string-regexp
256 verbose request uri https://registry.npmjs.org/find-up
257 verbose request no auth needed
258 info attempt registry request try #1 at 9:16:05 AM
259 verbose etag W/"b6615e84f0c2706b999dc5fe0a6cde3b"
260 verbose lastModified Thu, 26 Aug 2021 11:21:23 GMT
261 http request GET https://registry.npmjs.org/find-up
262 verbose request uri https://registry.npmjs.org/growl
263 verbose request no auth needed
264 info attempt registry request try #1 at 9:16:05 AM
265 verbose etag W/"03a81d3279ea8d2a06fb68c7d68a18c7"
266 verbose lastModified Sun, 27 May 2018 02:48:49 GMT
267 http request GET https://registry.npmjs.org/growl
268 verbose request uri https://registry.npmjs.org/he
269 verbose request no auth needed
270 info attempt registry request try #1 at 9:16:05 AM
271 verbose etag W/"c39dcd127e6c6a5df91dd908ef025079"
272 verbose lastModified Fri, 04 Jan 2019 02:45:18 GMT
273 http request GET https://registry.npmjs.org/he
274 verbose request uri https://registry.npmjs.org/glob
275 verbose request no auth needed
276 info attempt registry request try #1 at 9:16:05 AM
277 verbose etag W/"08bcc87ccdc788f1948aa95708e028ad"
278 verbose lastModified Wed, 22 Sep 2021 23:36:21 GMT
279 http request GET https://registry.npmjs.org/glob
280 verbose request uri https://registry.npmjs.org/log-symbols
281 verbose request no auth needed
282 info attempt registry request try #1 at 9:16:05 AM
283 verbose etag W/"adb3cf56ce5af5bd45a11151f5059b5d"
284 verbose lastModified Sun, 18 Apr 2021 05:13:07 GMT
285 http request GET https://registry.npmjs.org/log-symbols
286 verbose request uri https://registry.npmjs.org/minimatch
287 verbose request no auth needed
288 info attempt registry request try #1 at 9:16:05 AM
289 verbose etag W/"74d0b8b38c427aed03f1f23d14bfb863"
290 verbose lastModified Mon, 15 Apr 2019 06:36:47 GMT
291 http request GET https://registry.npmjs.org/minimatch
292 verbose request uri https://registry.npmjs.org/js-yaml
293 verbose request no auth needed
294 info attempt registry request try #1 at 9:16:05 AM
295 verbose etag W/"1cab694c282321c99438dd47ed9b9674"
296 verbose lastModified Wed, 14 Apr 2021 21:07:12 GMT
297 http request GET https://registry.npmjs.org/js-yaml
298 verbose request uri https://registry.npmjs.org/ms
299 verbose request no auth needed
300 info attempt registry request try #1 at 9:16:05 AM
301 verbose etag W/"962d18a518d3385eb9c13ae563459ff6"
302 verbose lastModified Thu, 23 Sep 2021 23:41:32 GMT
303 http request GET https://registry.npmjs.org/ms
304 verbose request uri https://registry.npmjs.org/serialize-javascript
305 verbose request no auth needed
306 info attempt registry request try #1 at 9:16:05 AM
307 verbose etag W/"062bcf0188ce7312e2d77a89618e67a8"
308 verbose lastModified Mon, 21 Jun 2021 14:01:23 GMT
309 http request GET https://registry.npmjs.org/serialize-javascript
310 verbose request uri https://registry.npmjs.org/strip-json-comments
311 verbose request no auth needed
312 info attempt registry request try #1 at 9:16:05 AM
313 verbose etag W/"59a2fab08ec467c70ea0dca7398fdb69"
314 verbose lastModified Thu, 19 Aug 2021 18:10:19 GMT
315 http request GET https://registry.npmjs.org/strip-json-comments
316 verbose request uri https://registry.npmjs.org/nanoid
317 verbose request no auth needed
318 info attempt registry request try #1 at 9:16:05 AM
319 verbose etag W/"be579ca88c8a86352e8144b431b52930"
320 verbose lastModified Sun, 12 Sep 2021 03:53:40 GMT
321 http request GET https://registry.npmjs.org/nanoid
322 verbose request uri https://registry.npmjs.org/which
323 verbose request no auth needed
324 info attempt registry request try #1 at 9:16:05 AM
325 verbose etag W/"0cf763dd6f9a465542ea7a70e062cb04"
326 verbose lastModified Mon, 18 Nov 2019 22:26:18 GMT
327 http request GET https://registry.npmjs.org/which
328 verbose request uri https://registry.npmjs.org/wide-align
329 verbose request no auth needed
330 info attempt registry request try #1 at 9:16:05 AM
331 verbose etag W/"44d770e28006fb53d4b16285c680c995"
332 verbose lastModified Sun, 27 May 2018 21:57:50 GMT
333 http request GET https://registry.npmjs.org/wide-align
334 verbose request uri https://registry.npmjs.org/supports-color
335 verbose request no auth needed
336 info attempt registry request try #1 at 9:16:05 AM
337 verbose etag W/"fd3c5d50805856e60ab480ea056fd2a5"
338 verbose lastModified Mon, 19 Jul 2021 14:01:41 GMT
339 http request GET https://registry.npmjs.org/supports-color
340 verbose request uri https://registry.npmjs.org/workerpool
341 verbose request no auth needed
342 info attempt registry request try #1 at 9:16:05 AM
343 verbose etag W/"a2ccaf1c3f8479a4f86c6882404204c0"
344 verbose lastModified Thu, 17 Jun 2021 19:45:54 GMT
345 http request GET https://registry.npmjs.org/workerpool
346 verbose request uri https://registry.npmjs.org/yargs-parser
347 verbose request no auth needed
348 info attempt registry request try #1 at 9:16:05 AM
349 verbose etag W/"079d431f8523e48acd97dfe4386f2458"
350 verbose lastModified Sun, 20 Jun 2021 23:54:35 GMT
351 http request GET https://registry.npmjs.org/yargs-parser
352 verbose request uri https://registry.npmjs.org/yargs-unparser
353 verbose request no auth needed
354 info attempt registry request try #1 at 9:16:05 AM
355 verbose etag W/"9793c0883936c22610f7230a3fcd0300"
356 verbose lastModified Fri, 02 Oct 2020 00:21:44 GMT
357 http request GET https://registry.npmjs.org/yargs-unparser
358 verbose request uri https://registry.npmjs.org/yargs
359 verbose request no auth needed
360 info attempt registry request try #1 at 9:16:05 AM
361 verbose etag W/"80323ba4a7d3ed2b2998db171203d7c3"
362 verbose lastModified Thu, 23 Sep 2021 01:49:22 GMT
363 http request GET https://registry.npmjs.org/yargs
364 http 304 https://registry.npmjs.org/browser-stdout
365 verbose headers { date: 'Sat, 25 Sep 2021 15:16:04 GMT',
365 verbose headers   connection: 'keep-alive',
365 verbose headers   'cf-ray': '69453628e866276a-DEN',
365 verbose headers   'cache-control': 'public, max-age=300',
365 verbose headers   etag: '"ad7ee1c0c8f38e2f2bef40d5d7f48977"',
365 verbose headers   'last-modified': 'Sat, 26 May 2018 19:02:02 GMT',
365 verbose headers   vary: 'Accept-Encoding',
365 verbose headers   'cf-cache-status': 'HIT',
365 verbose headers   'expect-ct': 'max-age=604800, report-uri="https://report-uri.cloudflare.com/cdn-cgi/beacon/expect-ct"',
365 verbose headers   server: 'cloudflare' }
366 silly get cb [ 304,
366 silly get   { date: 'Sat, 25 Sep 2021 15:16:04 GMT',
366 silly get     connection: 'keep-alive',
366 silly get     'cf-ray': '69453628e866276a-DEN',
366 silly get     'cache-control': 'public, max-age=300',
366 silly get     etag: '"ad7ee1c0c8f38e2f2bef40d5d7f48977"',
366 silly get     'last-modified': 'Sat, 26 May 2018 19:02:02 GMT',
366 silly get     vary: 'Accept-Encoding',
366 silly get     'cf-cache-status': 'HIT',
366 silly get     'expect-ct': 'max-age=604800, report-uri="https://report-uri.cloudflare.com/cdn-cgi/beacon/expect-ct"',
366 silly get     server: 'cloudflare' } ]
367 verbose etag https://registry.npmjs.org/browser-stdout from cache
368 verbose get saving browser-stdout to /home/ross/.npm/registry.npmjs.org/browser-stdout/.cache.json
369 silly resolveWithNewModule browser-stdout@1.3.1 checking installable status
370 silly cache add args [ 'browser-stdout@1.3.1', null ]
371 verbose cache add spec browser-stdout@1.3.1
372 silly cache add parsed spec Result {
372 silly cache add   raw: 'browser-stdout@1.3.1',
372 silly cache add   scope: null,
372 silly cache add   name: 'browser-stdout',
372 silly cache add   rawSpec: '1.3.1',
372 silly cache add   spec: '1.3.1',
372 silly cache add   type: 'version' }
373 silly addNamed browser-stdout@1.3.1
374 verbose addNamed "1.3.1" is a plain semver version for browser-stdout
375 silly mapToRegistry name browser-stdout
376 silly mapToRegistry using default registry
377 silly mapToRegistry registry https://registry.npmjs.org/
378 silly mapToRegistry uri https://registry.npmjs.org/browser-stdout
379 verbose addNameVersion registry:https://registry.npmjs.org/browser-stdout not in flight; fetching
380 verbose get https://registry.npmjs.org/browser-stdout not expired, no request
381 silly cache afterAdd browser-stdout@1.3.1
382 verbose afterAdd /home/ross/.npm/browser-stdout/1.3.1/package/package.json not in flight; writing
383 verbose afterAdd /home/ross/.npm/browser-stdout/1.3.1/package/package.json written
384 http 304 https://registry.npmjs.org/ansi-colors
385 verbose headers { date: 'Sat, 25 Sep 2021 15:16:04 GMT',
385 verbose headers   connection: 'keep-alive',
385 verbose headers   'cf-ray': '694536294d9cc7c1-DEN',
385 verbose headers   'cache-control': 'public, max-age=300',
385 verbose headers   etag: '"f58fd59c3e565badf5cb5555e551e8cc"',
385 verbose headers   'last-modified': 'Wed, 03 Jul 2019 05:13:22 GMT',
385 verbose headers   vary: 'Accept-Encoding',
385 verbose headers   'cf-cache-status': 'HIT',
385 verbose headers   'expect-ct': 'max-age=604800, report-uri="https://report-uri.cloudflare.com/cdn-cgi/beacon/expect-ct"',
385 verbose headers   server: 'cloudflare' }
386 silly get cb [ 304,
386 silly get   { date: 'Sat, 25 Sep 2021 15:16:04 GMT',
386 silly get     connection: 'keep-alive',
386 silly get     'cf-ray': '694536294d9cc7c1-DEN',
386 silly get     'cache-control': 'public, max-age=300',
386 silly get     etag: '"f58fd59c3e565badf5cb5555e551e8cc"',
386 silly get     'last-modified': 'Wed, 03 Jul 2019 05:13:22 GMT',
386 silly get     vary: 'Accept-Encoding',
386 silly get     'cf-cache-status': 'HIT',
386 silly get     'expect-ct': 'max-age=604800, report-uri="https://report-uri.cloudflare.com/cdn-cgi/beacon/expect-ct"',
386 silly get     server: 'cloudflare' } ]
387 verbose etag https://registry.npmjs.org/ansi-colors from cache
388 verbose get saving ansi-colors to /home/ross/.npm/registry.npmjs.org/ansi-colors/.cache.json
389 http 304 https://registry.npmjs.org/supports-color
390 verbose headers { date: 'Sat, 25 Sep 2021 15:16:04 GMT',
390 verbose headers   connection: 'keep-alive',
390 verbose headers   'cf-ray': '694536294d7b2723-DEN',
390 verbose headers   'cache-control': 'public, max-age=300',
390 verbose headers   etag: '"fd3c5d50805856e60ab480ea056fd2a5"',
390 verbose headers   'last-modified': 'Mon, 19 Jul 2021 14:01:41 GMT',
390 verbose headers   vary: 'Accept-Encoding',
390 verbose headers   'cf-cache-status': 'HIT',
390 verbose headers   'expect-ct': 'max-age=604800, report-uri="https://report-uri.cloudflare.com/cdn-cgi/beacon/expect-ct"',
390 verbose headers   'x-amz-replication-status': 'COMPLETED',
390 verbose headers   server: 'cloudflare' }
391 silly get cb [ 304,
391 silly get   { date: 'Sat, 25 Sep 2021 15:16:04 GMT',
391 silly get     connection: 'keep-alive',
391 silly get     'cf-ray': '694536294d7b2723-DEN',
391 silly get     'cache-control': 'public, max-age=300',
391 silly get     etag: '"fd3c5d50805856e60ab480ea056fd2a5"',
391 silly get     'last-modified': 'Mon, 19 Jul 2021 14:01:41 GMT',
391 silly get     vary: 'Accept-Encoding',
391 silly get     'cf-cache-status': 'HIT',
391 silly get     'expect-ct': 'max-age=604800, report-uri="https://report-uri.cloudflare.com/cdn-cgi/beacon/expect-ct"',
391 silly get     'x-amz-replication-status': 'COMPLETED',
391 silly get     server: 'cloudflare' } ]
392 verbose etag https://registry.npmjs.org/supports-color from cache
393 verbose get saving supports-color to /home/ross/.npm/registry.npmjs.org/supports-color/.cache.json
394 http 304 https://registry.npmjs.org/chokidar
395 verbose headers { date: 'Sat, 25 Sep 2021 15:16:04 GMT',
395 verbose headers   connection: 'keep-alive',
395 verbose headers   'cf-ray': '694536294cd92717-DEN',
395 verbose headers   'cache-control': 'public, max-age=300',
395 verbose headers   etag: '"ab06c5306504b4bb0b430c9dd4c8df90"',
395 verbose headers   'last-modified': 'Tue, 15 Jun 2021 13:24:17 GMT',
395 verbose headers   vary: 'Accept-Encoding',
395 verbose headers   'cf-cache-status': 'HIT',
395 verbose headers   'expect-ct': 'max-age=604800, report-uri="https://report-uri.cloudflare.com/cdn-cgi/beacon/expect-ct"',
395 verbose headers   server: 'cloudflare' }
396 silly get cb [ 304,
396 silly get   { date: 'Sat, 25 Sep 2021 15:16:04 GMT',
396 silly get     connection: 'keep-alive',
396 silly get     'cf-ray': '694536294cd92717-DEN',
396 silly get     'cache-control': 'public, max-age=300',
396 silly get     etag: '"ab06c5306504b4bb0b430c9dd4c8df90"',
396 silly get     'last-modified': 'Tue, 15 Jun 2021 13:24:17 GMT',
396 silly get     vary: 'Accept-Encoding',
396 silly get     'cf-cache-status': 'HIT',
396 silly get     'expect-ct': 'max-age=604800, report-uri="https://report-uri.cloudflare.com/cdn-cgi/beacon/expect-ct"',
396 silly get     server: 'cloudflare' } ]
397 verbose etag https://registry.npmjs.org/chokidar from cache
398 verbose get saving chokidar to /home/ross/.npm/registry.npmjs.org/chokidar/.cache.json
399 silly resolveWithNewModule ansi-colors@4.1.1 checking installable status
400 silly cache add args [ 'ansi-colors@4.1.1', null ]
401 verbose cache add spec ansi-colors@4.1.1
402 silly cache add parsed spec Result {
402 silly cache add   raw: 'ansi-colors@4.1.1',
402 silly cache add   scope: null,
402 silly cache add   name: 'ansi-colors',
402 silly cache add   rawSpec: '4.1.1',
402 silly cache add   spec: '4.1.1',
402 silly cache add   type: 'version' }
403 silly addNamed ansi-colors@4.1.1
404 verbose addNamed "4.1.1" is a plain semver version for ansi-colors
405 silly mapToRegistry name ansi-colors
406 silly mapToRegistry using default registry
407 silly mapToRegistry registry https://registry.npmjs.org/
408 silly mapToRegistry uri https://registry.npmjs.org/ansi-colors
409 verbose addNameVersion registry:https://registry.npmjs.org/ansi-colors not in flight; fetching
410 silly resolveWithNewModule supports-color@8.1.1 checking installable status
411 silly cache add args [ 'supports-color@8.1.1', null ]
412 verbose cache add spec supports-color@8.1.1
413 silly cache add parsed spec Result {
413 silly cache add   raw: 'supports-color@8.1.1',
413 silly cache add   scope: null,
413 silly cache add   name: 'supports-color',
413 silly cache add   rawSpec: '8.1.1',
413 silly cache add   spec: '8.1.1',
413 silly cache add   type: 'version' }
414 silly addNamed supports-color@8.1.1
415 verbose addNamed "8.1.1" is a plain semver version for supports-color
416 silly mapToRegistry name supports-color
417 silly mapToRegistry using default registry
418 silly mapToRegistry registry https://registry.npmjs.org/
419 silly mapToRegistry uri https://registry.npmjs.org/supports-color
420 verbose addNameVersion registry:https://registry.npmjs.org/supports-color not in flight; fetching
421 verbose get https://registry.npmjs.org/ansi-colors not expired, no request
422 http 304 https://registry.npmjs.org/minimatch
423 verbose headers { date: 'Sat, 25 Sep 2021 15:16:04 GMT',
423 verbose headers   connection: 'keep-alive',
423 verbose headers   'cf-ray': '694536295f74271b-DEN',
423 verbose headers   'cache-control': 'public, max-age=300',
423 verbose headers   etag: '"74d0b8b38c427aed03f1f23d14bfb863"',
423 verbose headers   'last-modified': 'Mon, 15 Apr 2019 06:36:47 GMT',
423 verbose headers   vary: 'Accept-Encoding',
423 verbose headers   'cf-cache-status': 'HIT',
423 verbose headers   'expect-ct': 'max-age=604800, report-uri="https://report-uri.cloudflare.com/cdn-cgi/beacon/expect-ct"',
423 verbose headers   server: 'cloudflare' }
424 silly get cb [ 304,
424 silly get   { date: 'Sat, 25 Sep 2021 15:16:04 GMT',
424 silly get     connection: 'keep-alive',
424 silly get     'cf-ray': '694536295f74271b-DEN',
424 silly get     'cache-control': 'public, max-age=300',
424 silly get     etag: '"74d0b8b38c427aed03f1f23d14bfb863"',
424 silly get     'last-modified': 'Mon, 15 Apr 2019 06:36:47 GMT',
424 silly get     vary: 'Accept-Encoding',
424 silly get     'cf-cache-status': 'HIT',
424 silly get     'expect-ct': 'max-age=604800, report-uri="https://report-uri.cloudflare.com/cdn-cgi/beacon/expect-ct"',
424 silly get     server: 'cloudflare' } ]
425 verbose etag https://registry.npmjs.org/minimatch from cache
426 verbose get saving minimatch to /home/ross/.npm/registry.npmjs.org/minimatch/.cache.json
427 silly resolveWithNewModule chokidar@3.5.1 checking installable status
428 silly cache add args [ 'chokidar@3.5.1', null ]
429 verbose cache add spec chokidar@3.5.1
430 silly cache add parsed spec Result {
430 silly cache add   raw: 'chokidar@3.5.1',
430 silly cache add   scope: null,
430 silly cache add   name: 'chokidar',
430 silly cache add   rawSpec: '3.5.1',
430 silly cache add   spec: '3.5.1',
430 silly cache add   type: 'version' }
431 silly addNamed chokidar@3.5.1
432 verbose addNamed "3.5.1" is a plain semver version for chokidar
433 silly mapToRegistry name chokidar
434 silly mapToRegistry using default registry
435 silly mapToRegistry registry https://registry.npmjs.org/
436 silly mapToRegistry uri https://registry.npmjs.org/chokidar
437 verbose addNameVersion registry:https://registry.npmjs.org/chokidar not in flight; fetching
438 http 304 https://registry.npmjs.org/js-yaml
439 verbose headers { date: 'Sat, 25 Sep 2021 15:16:04 GMT',
439 verbose headers   connection: 'keep-alive',
439 verbose headers   'cf-ray': '694536295c13f780-DEN',
439 verbose headers   'cache-control': 'public, max-age=300',
439 verbose headers   etag: '"1cab694c282321c99438dd47ed9b9674"',
439 verbose headers   'last-modified': 'Wed, 14 Apr 2021 21:07:12 GMT',
439 verbose headers   vary: 'Accept-Encoding',
439 verbose headers   'cf-cache-status': 'HIT',
439 verbose headers   'expect-ct': 'max-age=604800, report-uri="https://report-uri.cloudflare.com/cdn-cgi/beacon/expect-ct"',
439 verbose headers   server: 'cloudflare' }
440 silly get cb [ 304,
440 silly get   { date: 'Sat, 25 Sep 2021 15:16:04 GMT',
440 silly get     connection: 'keep-alive',
440 silly get     'cf-ray': '694536295c13f780-DEN',
440 silly get     'cache-control': 'public, max-age=300',
440 silly get     etag: '"1cab694c282321c99438dd47ed9b9674"',
440 silly get     'last-modified': 'Wed, 14 Apr 2021 21:07:12 GMT',
440 silly get     vary: 'Accept-Encoding',
440 silly get     'cf-cache-status': 'HIT',
440 silly get     'expect-ct': 'max-age=604800, report-uri="https://report-uri.cloudflare.com/cdn-cgi/beacon/expect-ct"',
440 silly get     server: 'cloudflare' } ]
441 verbose etag https://registry.npmjs.org/js-yaml from cache
442 verbose get saving js-yaml to /home/ross/.npm/registry.npmjs.org/js-yaml/.cache.json
443 http 304 https://registry.npmjs.org/debug
444 verbose headers { date: 'Sat, 25 Sep 2021 15:16:04 GMT',
444 verbose headers   connection: 'keep-alive',
444 verbose headers   'cf-ray': '694536294f602713-DEN',
444 verbose headers   'cache-control': 'public, max-age=300',
444 verbose headers   etag: '"f0e481ad56f6386b5b2e63e5bed76413"',
444 verbose headers   'last-modified': 'Thu, 23 Sep 2021 14:56:59 GMT',
444 verbose headers   vary: 'Accept-Encoding',
444 verbose headers   'cf-cache-status': 'HIT',
444 verbose headers   'expect-ct': 'max-age=604800, report-uri="https://report-uri.cloudflare.com/cdn-cgi/beacon/expect-ct"',
444 verbose headers   'x-amz-replication-status': 'PENDING',
444 verbose headers   server: 'cloudflare' }
445 silly get cb [ 304,
445 silly get   { date: 'Sat, 25 Sep 2021 15:16:04 GMT',
445 silly get     connection: 'keep-alive',
445 silly get     'cf-ray': '694536294f602713-DEN',
445 silly get     'cache-control': 'public, max-age=300',
445 silly get     etag: '"f0e481ad56f6386b5b2e63e5bed76413"',
445 silly get     'last-modified': 'Thu, 23 Sep 2021 14:56:59 GMT',
445 silly get     vary: 'Accept-Encoding',
445 silly get     'cf-cache-status': 'HIT',
445 silly get     'expect-ct': 'max-age=604800, report-uri="https://report-uri.cloudflare.com/cdn-cgi/beacon/expect-ct"',
445 silly get     'x-amz-replication-status': 'PENDING',
445 silly get     server: 'cloudflare' } ]
446 verbose etag https://registry.npmjs.org/debug from cache
447 verbose get saving debug to /home/ross/.npm/registry.npmjs.org/debug/.cache.json
448 verbose get https://registry.npmjs.org/supports-color not expired, no request
449 http 304 https://registry.npmjs.org/he
450 verbose headers { date: 'Sat, 25 Sep 2021 15:16:04 GMT',
450 verbose headers   connection: 'keep-alive',
450 verbose headers   'cf-ray': '694536294a07c7dd-DEN',
450 verbose headers   'cache-control': 'public, max-age=300',
450 verbose headers   etag: '"c39dcd127e6c6a5df91dd908ef025079"',
450 verbose headers   'last-modified': 'Fri, 04 Jan 2019 02:45:18 GMT',
450 verbose headers   vary: 'Accept-Encoding',
450 verbose headers   'cf-cache-status': 'HIT',
450 verbose headers   'expect-ct': 'max-age=604800, report-uri="https://report-uri.cloudflare.com/cdn-cgi/beacon/expect-ct"',
450 verbose headers   server: 'cloudflare' }
451 silly get cb [ 304,
451 silly get   { date: 'Sat, 25 Sep 2021 15:16:04 GMT',
451 silly get     connection: 'keep-alive',
451 silly get     'cf-ray': '694536294a07c7dd-DEN',
451 silly get     'cache-control': 'public, max-age=300',
451 silly get     etag: '"c39dcd127e6c6a5df91dd908ef025079"',
451 silly get     'last-modified': 'Fri, 04 Jan 2019 02:45:18 GMT',
451 silly get     vary: 'Accept-Encoding',
451 silly get     'cf-cache-status': 'HIT',
451 silly get     'expect-ct': 'max-age=604800, report-uri="https://report-uri.cloudflare.com/cdn-cgi/beacon/expect-ct"',
451 silly get     server: 'cloudflare' } ]
452 verbose etag https://registry.npmjs.org/he from cache
453 verbose get saving he to /home/ross/.npm/registry.npmjs.org/he/.cache.json
454 http 304 https://registry.npmjs.org/workerpool
455 verbose headers { date: 'Sat, 25 Sep 2021 15:16:04 GMT',
455 verbose headers   connection: 'keep-alive',
455 verbose headers   'cf-ray': '694536295c16f780-DEN',
455 verbose headers   'cache-control': 'public, max-age=300',
455 verbose headers   etag: '"a2ccaf1c3f8479a4f86c6882404204c0"',
455 verbose headers   'last-modified': 'Thu, 17 Jun 2021 19:45:54 GMT',
455 verbose headers   vary: 'Accept-Encoding',
455 verbose headers   'cf-cache-status': 'HIT',
455 verbose headers   'expect-ct': 'max-age=604800, report-uri="https://report-uri.cloudflare.com/cdn-cgi/beacon/expect-ct"',
455 verbose headers   server: 'cloudflare' }
456 silly get cb [ 304,
456 silly get   { date: 'Sat, 25 Sep 2021 15:16:04 GMT',
456 silly get     connection: 'keep-alive',
456 silly get     'cf-ray': '694536295c16f780-DEN',
456 silly get     'cache-control': 'public, max-age=300',
456 silly get     etag: '"a2ccaf1c3f8479a4f86c6882404204c0"',
456 silly get     'last-modified': 'Thu, 17 Jun 2021 19:45:54 GMT',
456 silly get     vary: 'Accept-Encoding',
456 silly get     'cf-cache-status': 'HIT',
456 silly get     'expect-ct': 'max-age=604800, report-uri="https://report-uri.cloudflare.com/cdn-cgi/beacon/expect-ct"',
456 silly get     server: 'cloudflare' } ]
457 verbose etag https://registry.npmjs.org/workerpool from cache
458 verbose get saving workerpool to /home/ross/.npm/registry.npmjs.org/workerpool/.cache.json
459 silly cache afterAdd ansi-colors@4.1.1
460 verbose afterAdd /home/ross/.npm/ansi-colors/4.1.1/package/package.json not in flight; writing
461 verbose get https://registry.npmjs.org/chokidar not expired, no request
462 http 304 https://registry.npmjs.org/diff
463 verbose headers { date: 'Sat, 25 Sep 2021 15:16:04 GMT',
463 verbose headers   connection: 'keep-alive',
463 verbose headers   'cf-ray': '694536295c0ac7a9-DEN',
463 verbose headers   'cache-control': 'public, max-age=300',
463 verbose headers   etag: '"0c50c802d83b11e8c69fbb7b9e4ac98e"',
463 verbose headers   'last-modified': 'Sun, 08 Nov 2020 02:45:40 GMT',
463 verbose headers   vary: 'Accept-Encoding',
463 verbose headers   'cf-cache-status': 'HIT',
463 verbose headers   'expect-ct': 'max-age=604800, report-uri="https://report-uri.cloudflare.com/cdn-cgi/beacon/expect-ct"',
463 verbose headers   server: 'cloudflare' }
464 silly get cb [ 304,
464 silly get   { date: 'Sat, 25 Sep 2021 15:16:04 GMT',
464 silly get     connection: 'keep-alive',
464 silly get     'cf-ray': '694536295c0ac7a9-DEN',
464 silly get     'cache-control': 'public, max-age=300',
464 silly get     etag: '"0c50c802d83b11e8c69fbb7b9e4ac98e"',
464 silly get     'last-modified': 'Sun, 08 Nov 2020 02:45:40 GMT',
464 silly get     vary: 'Accept-Encoding',
464 silly get     'cf-cache-status': 'HIT',
464 silly get     'expect-ct': 'max-age=604800, report-uri="https://report-uri.cloudflare.com/cdn-cgi/beacon/expect-ct"',
464 silly get     server: 'cloudflare' } ]
465 verbose etag https://registry.npmjs.org/diff from cache
466 verbose get saving diff to /home/ross/.npm/registry.npmjs.org/diff/.cache.json
467 http 304 https://registry.npmjs.org/which
468 verbose headers { date: 'Sat, 25 Sep 2021 15:16:04 GMT',
468 verbose headers   connection: 'keep-alive',
468 verbose headers   'cf-ray': '694536296b14c7c9-DEN',
468 verbose headers   'cache-control': 'public, max-age=300',
468 verbose headers   etag: '"0cf763dd6f9a465542ea7a70e062cb04"',
468 verbose headers   'last-modified': 'Mon, 18 Nov 2019 22:26:18 GMT',
468 verbose headers   vary: 'Accept-Encoding',
468 verbose headers   'cf-cache-status': 'HIT',
468 verbose headers   'expect-ct': 'max-age=604800, report-uri="https://report-uri.cloudflare.com/cdn-cgi/beacon/expect-ct"',
468 verbose headers   server: 'cloudflare' }
469 silly get cb [ 304,
469 silly get   { date: 'Sat, 25 Sep 2021 15:16:04 GMT',
469 silly get     connection: 'keep-alive',
469 silly get     'cf-ray': '694536296b14c7c9-DEN',
469 silly get     'cache-control': 'public, max-age=300',
469 silly get     etag: '"0cf763dd6f9a465542ea7a70e062cb04"',
469 silly get     'last-modified': 'Mon, 18 Nov 2019 22:26:18 GMT',
469 silly get     vary: 'Accept-Encoding',
469 silly get     'cf-cache-status': 'HIT',
469 silly get     'expect-ct': 'max-age=604800, report-uri="https://report-uri.cloudflare.com/cdn-cgi/beacon/expect-ct"',
469 silly get     server: 'cloudflare' } ]
470 verbose etag https://registry.npmjs.org/which from cache
471 verbose get saving which to /home/ross/.npm/registry.npmjs.org/which/.cache.json
472 http 304 https://registry.npmjs.org/log-symbols
473 verbose headers { date: 'Sat, 25 Sep 2021 15:16:04 GMT',
473 verbose headers   connection: 'keep-alive',
473 verbose headers   'cf-ray': '694536294f94c7b5-DEN',
473 verbose headers   'cache-control': 'public, max-age=300',
473 verbose headers   etag: '"adb3cf56ce5af5bd45a11151f5059b5d"',
473 verbose headers   'last-modified': 'Sun, 18 Apr 2021 05:13:07 GMT',
473 verbose headers   vary: 'Accept-Encoding',
473 verbose headers   'cf-cache-status': 'HIT',
473 verbose headers   'expect-ct': 'max-age=604800, report-uri="https://report-uri.cloudflare.com/cdn-cgi/beacon/expect-ct"',
473 verbose headers   server: 'cloudflare' }
474 silly get cb [ 304,
474 silly get   { date: 'Sat, 25 Sep 2021 15:16:04 GMT',
474 silly get     connection: 'keep-alive',
474 silly get     'cf-ray': '694536294f94c7b5-DEN',
474 silly get     'cache-control': 'public, max-age=300',
474 silly get     etag: '"adb3cf56ce5af5bd45a11151f5059b5d"',
474 silly get     'last-modified': 'Sun, 18 Apr 2021 05:13:07 GMT',
474 silly get     vary: 'Accept-Encoding',
474 silly get     'cf-cache-status': 'HIT',
474 silly get     'expect-ct': 'max-age=604800, report-uri="https://report-uri.cloudflare.com/cdn-cgi/beacon/expect-ct"',
474 silly get     server: 'cloudflare' } ]
475 verbose etag https://registry.npmjs.org/log-symbols from cache
476 verbose get saving log-symbols to /home/ross/.npm/registry.npmjs.org/log-symbols/.cache.json
477 http 304 https://registry.npmjs.org/yargs-parser
478 verbose headers { date: 'Sat, 25 Sep 2021 15:16:04 GMT',
478 verbose headers   connection: 'keep-alive',
478 verbose headers   'cf-ray': '694536295d972723-DEN',
478 verbose headers   'cache-control': 'public, max-age=300',
478 verbose headers   etag: '"079d431f8523e48acd97dfe4386f2458"',
478 verbose headers   'last-modified': 'Sun, 20 Jun 2021 23:54:35 GMT',
478 verbose headers   vary: 'Accept-Encoding',
478 verbose headers   'cf-cache-status': 'HIT',
478 verbose headers   'expect-ct': 'max-age=604800, report-uri="https://report-uri.cloudflare.com/cdn-cgi/beacon/expect-ct"',
478 verbose headers   server: 'cloudflare' }
479 silly get cb [ 304,
479 silly get   { date: 'Sat, 25 Sep 2021 15:16:04 GMT',
479 silly get     connection: 'keep-alive',
479 silly get     'cf-ray': '694536295d972723-DEN',
479 silly get     'cache-control': 'public, max-age=300',
479 silly get     etag: '"079d431f8523e48acd97dfe4386f2458"',
479 silly get     'last-modified': 'Sun, 20 Jun 2021 23:54:35 GMT',
479 silly get     vary: 'Accept-Encoding',
479 silly get     'cf-cache-status': 'HIT',
479 silly get     'expect-ct': 'max-age=604800, report-uri="https://report-uri.cloudflare.com/cdn-cgi/beacon/expect-ct"',
479 silly get     server: 'cloudflare' } ]
480 verbose etag https://registry.npmjs.org/yargs-parser from cache
481 verbose get saving yargs-parser to /home/ross/.npm/registry.npmjs.org/yargs-parser/.cache.json
482 http 304 https://registry.npmjs.org/serialize-javascript
483 verbose headers { date: 'Sat, 25 Sep 2021 15:16:04 GMT',
483 verbose headers   connection: 'keep-alive',
483 verbose headers   'cf-ray': '694536296d7a276f-DEN',
483 verbose headers   'cache-control': 'public, max-age=300',
483 verbose headers   etag: '"062bcf0188ce7312e2d77a89618e67a8"',
483 verbose headers   'last-modified': 'Mon, 21 Jun 2021 14:01:23 GMT',
483 verbose headers   vary: 'Accept-Encoding',
483 verbose headers   'cf-cache-status': 'HIT',
483 verbose headers   'expect-ct': 'max-age=604800, report-uri="https://report-uri.cloudflare.com/cdn-cgi/beacon/expect-ct"',
483 verbose headers   server: 'cloudflare' }
484 silly get cb [ 304,
484 silly get   { date: 'Sat, 25 Sep 2021 15:16:04 GMT',
484 silly get     connection: 'keep-alive',
484 silly get     'cf-ray': '694536296d7a276f-DEN',
484 silly get     'cache-control': 'public, max-age=300',
484 silly get     etag: '"062bcf0188ce7312e2d77a89618e67a8"',
484 silly get     'last-modified': 'Mon, 21 Jun 2021 14:01:23 GMT',
484 silly get     vary: 'Accept-Encoding',
484 silly get     'cf-cache-status': 'HIT',
484 silly get     'expect-ct': 'max-age=604800, report-uri="https://report-uri.cloudflare.com/cdn-cgi/beacon/expect-ct"',
484 silly get     server: 'cloudflare' } ]
485 verbose etag https://registry.npmjs.org/serialize-javascript from cache
486 verbose get saving serialize-javascript to /home/ross/.npm/registry.npmjs.org/serialize-javascript/.cache.json
487 http 304 https://registry.npmjs.org/strip-json-comments
488 verbose headers { date: 'Sat, 25 Sep 2021 15:16:04 GMT',
488 verbose headers   connection: 'keep-alive',
488 verbose headers   'cf-ray': '694536295de0f77c-DEN',
488 verbose headers   'cache-control': 'public, max-age=300',
488 verbose headers   etag: '"59a2fab08ec467c70ea0dca7398fdb69"',
488 verbose headers   'last-modified': 'Thu, 19 Aug 2021 18:10:19 GMT',
488 verbose headers   vary: 'Accept-Encoding',
488 verbose headers   'cf-cache-status': 'HIT',
488 verbose headers   'expect-ct': 'max-age=604800, report-uri="https://report-uri.cloudflare.com/cdn-cgi/beacon/expect-ct"',
488 verbose headers   'x-amz-replication-status': 'PENDING',
488 verbose headers   server: 'cloudflare' }
489 silly get cb [ 304,
489 silly get   { date: 'Sat, 25 Sep 2021 15:16:04 GMT',
489 silly get     connection: 'keep-alive',
489 silly get     'cf-ray': '694536295de0f77c-DEN',
489 silly get     'cache-control': 'public, max-age=300',
489 silly get     etag: '"59a2fab08ec467c70ea0dca7398fdb69"',
489 silly get     'last-modified': 'Thu, 19 Aug 2021 18:10:19 GMT',
489 silly get     vary: 'Accept-Encoding',
489 silly get     'cf-cache-status': 'HIT',
489 silly get     'expect-ct': 'max-age=604800, report-uri="https://report-uri.cloudflare.com/cdn-cgi/beacon/expect-ct"',
489 silly get     'x-amz-replication-status': 'PENDING',
489 silly get     server: 'cloudflare' } ]
490 verbose etag https://registry.npmjs.org/strip-json-comments from cache
491 verbose get saving strip-json-comments to /home/ross/.npm/registry.npmjs.org/strip-json-comments/.cache.json
492 http 304 https://registry.npmjs.org/yargs-unparser
493 verbose headers { date: 'Sat, 25 Sep 2021 15:16:04 GMT',
493 verbose headers   connection: 'keep-alive',
493 verbose headers   'cf-ray': '694536295c6df790-DEN',
493 verbose headers   'cache-control': 'public, max-age=300',
493 verbose headers   etag: '"9793c0883936c22610f7230a3fcd0300"',
493 verbose headers   'last-modified': 'Fri, 02 Oct 2020 00:21:44 GMT',
493 verbose headers   vary: 'Accept-Encoding',
493 verbose headers   'cf-cache-status': 'HIT',
493 verbose headers   'expect-ct': 'max-age=604800, report-uri="https://report-uri.cloudflare.com/cdn-cgi/beacon/expect-ct"',
493 verbose headers   server: 'cloudflare' }
494 silly get cb [ 304,
494 silly get   { date: 'Sat, 25 Sep 2021 15:16:04 GMT',
494 silly get     connection: 'keep-alive',
494 silly get     'cf-ray': '694536295c6df790-DEN',
494 silly get     'cache-control': 'public, max-age=300',
494 silly get     etag: '"9793c0883936c22610f7230a3fcd0300"',
494 silly get     'last-modified': 'Fri, 02 Oct 2020 00:21:44 GMT',
494 silly get     vary: 'Accept-Encoding',
494 silly get     'cf-cache-status': 'HIT',
494 silly get     'expect-ct': 'max-age=604800, report-uri="https://report-uri.cloudflare.com/cdn-cgi/beacon/expect-ct"',
494 silly get     server: 'cloudflare' } ]
495 verbose etag https://registry.npmjs.org/yargs-unparser from cache
496 verbose get saving yargs-unparser to /home/ross/.npm/registry.npmjs.org/yargs-unparser/.cache.json
497 http 304 https://registry.npmjs.org/ms
498 verbose headers { date: 'Sat, 25 Sep 2021 15:16:04 GMT',
498 verbose headers   connection: 'keep-alive',
498 verbose headers   'cf-ray': '694536294f5d2713-DEN',
498 verbose headers   'cache-control': 'public, max-age=300',
498 verbose headers   etag: '"962d18a518d3385eb9c13ae563459ff6"',
498 verbose headers   'last-modified': 'Thu, 23 Sep 2021 23:41:32 GMT',
498 verbose headers   vary: 'Accept-Encoding',
498 verbose headers   'cf-cache-status': 'HIT',
498 verbose headers   'expect-ct': 'max-age=604800, report-uri="https://report-uri.cloudflare.com/cdn-cgi/beacon/expect-ct"',
498 verbose headers   'x-amz-replication-status': 'PENDING',
498 verbose headers   server: 'cloudflare' }
499 silly get cb [ 304,
499 silly get   { date: 'Sat, 25 Sep 2021 15:16:04 GMT',
499 silly get     connection: 'keep-alive',
499 silly get     'cf-ray': '694536294f5d2713-DEN',
499 silly get     'cache-control': 'public, max-age=300',
499 silly get     etag: '"962d18a518d3385eb9c13ae563459ff6"',
499 silly get     'last-modified': 'Thu, 23 Sep 2021 23:41:32 GMT',
499 silly get     vary: 'Accept-Encoding',
499 silly get     'cf-cache-status': 'HIT',
499 silly get     'expect-ct': 'max-age=604800, report-uri="https://report-uri.cloudflare.com/cdn-cgi/beacon/expect-ct"',
499 silly get     'x-amz-replication-status': 'PENDING',
499 silly get     server: 'cloudflare' } ]
500 verbose etag https://registry.npmjs.org/ms from cache
501 verbose get saving ms to /home/ross/.npm/registry.npmjs.org/ms/.cache.json
502 http 304 https://registry.npmjs.org/yargs
503 verbose headers { date: 'Sat, 25 Sep 2021 15:16:04 GMT',
503 verbose headers   connection: 'keep-alive',
503 verbose headers   'cf-ray': '694536296c66f780-DEN',
503 verbose headers   'cache-control': 'public, max-age=300',
503 verbose headers   etag: '"80323ba4a7d3ed2b2998db171203d7c3"',
503 verbose headers   'last-modified': 'Thu, 23 Sep 2021 01:49:22 GMT',
503 verbose headers   vary: 'Accept-Encoding',
503 verbose headers   'cf-cache-status': 'HIT',
503 verbose headers   'expect-ct': 'max-age=604800, report-uri="https://report-uri.cloudflare.com/cdn-cgi/beacon/expect-ct"',
503 verbose headers   'x-amz-replication-status': 'COMPLETED',
503 verbose headers   server: 'cloudflare' }
504 silly get cb [ 304,
504 silly get   { date: 'Sat, 25 Sep 2021 15:16:04 GMT',
504 silly get     connection: 'keep-alive',
504 silly get     'cf-ray': '694536296c66f780-DEN',
504 silly get     'cache-control': 'public, max-age=300',
504 silly get     etag: '"80323ba4a7d3ed2b2998db171203d7c3"',
504 silly get     'last-modified': 'Thu, 23 Sep 2021 01:49:22 GMT',
504 silly get     vary: 'Accept-Encoding',
504 silly get     'cf-cache-status': 'HIT',
504 silly get     'expect-ct': 'max-age=604800, report-uri="https://report-uri.cloudflare.com/cdn-cgi/beacon/expect-ct"',
504 silly get     'x-amz-replication-status': 'COMPLETED',
504 silly get     server: 'cloudflare' } ]
505 verbose etag https://registry.npmjs.org/yargs from cache
506 verbose get saving yargs to /home/ross/.npm/registry.npmjs.org/yargs/.cache.json
507 silly resolveWithNewModule minimatch@3.0.4 checking installable status
508 silly cache add args [ 'minimatch@3.0.4', null ]
509 verbose cache add spec minimatch@3.0.4
510 silly cache add parsed spec Result {
510 silly cache add   raw: 'minimatch@3.0.4',
510 silly cache add   scope: null,
510 silly cache add   name: 'minimatch',
510 silly cache add   rawSpec: '3.0.4',
510 silly cache add   spec: '3.0.4',
510 silly cache add   type: 'version' }
511 silly addNamed minimatch@3.0.4
512 verbose addNamed "3.0.4" is a plain semver version for minimatch
513 silly mapToRegistry name minimatch
514 silly mapToRegistry using default registry
515 silly mapToRegistry registry https://registry.npmjs.org/
516 silly mapToRegistry uri https://registry.npmjs.org/minimatch
517 verbose addNameVersion registry:https://registry.npmjs.org/minimatch not in flight; fetching
518 http 304 https://registry.npmjs.org/find-up
519 verbose headers { date: 'Sat, 25 Sep 2021 15:16:04 GMT',
519 verbose headers   connection: 'keep-alive',
519 verbose headers   'cf-ray': '694536295a63f788-DEN',
519 verbose headers   'cache-control': 'public, max-age=300',
519 verbose headers   etag: '"b6615e84f0c2706b999dc5fe0a6cde3b"',
519 verbose headers   'last-modified': 'Thu, 26 Aug 2021 11:21:23 GMT',
519 verbose headers   vary: 'Accept-Encoding',
519 verbose headers   'cf-cache-status': 'HIT',
519 verbose headers   'expect-ct': 'max-age=604800, report-uri="https://report-uri.cloudflare.com/cdn-cgi/beacon/expect-ct"',
519 verbose headers   'x-amz-replication-status': 'PENDING',
519 verbose headers   server: 'cloudflare' }
520 silly get cb [ 304,
520 silly get   { date: 'Sat, 25 Sep 2021 15:16:04 GMT',
520 silly get     connection: 'keep-alive',
520 silly get     'cf-ray': '694536295a63f788-DEN',
520 silly get     'cache-control': 'public, max-age=300',
520 silly get     etag: '"b6615e84f0c2706b999dc5fe0a6cde3b"',
520 silly get     'last-modified': 'Thu, 26 Aug 2021 11:21:23 GMT',
520 silly get     vary: 'Accept-Encoding',
520 silly get     'cf-cache-status': 'HIT',
520 silly get     'expect-ct': 'max-age=604800, report-uri="https://report-uri.cloudflare.com/cdn-cgi/beacon/expect-ct"',
520 silly get     'x-amz-replication-status': 'PENDING',
520 silly get     server: 'cloudflare' } ]
521 verbose etag https://registry.npmjs.org/find-up from cache
522 verbose get saving find-up to /home/ross/.npm/registry.npmjs.org/find-up/.cache.json
523 silly cache afterAdd supports-color@8.1.1
524 verbose afterAdd /home/ross/.npm/supports-color/8.1.1/package/package.json not in flight; writing
525 silly resolveWithNewModule js-yaml@4.0.0 checking installable status
526 silly cache add args [ 'js-yaml@4.0.0', null ]
527 verbose cache add spec js-yaml@4.0.0
528 silly cache add parsed spec Result {
528 silly cache add   raw: 'js-yaml@4.0.0',
528 silly cache add   scope: null,
528 silly cache add   name: 'js-yaml',
528 silly cache add   rawSpec: '4.0.0',
528 silly cache add   spec: '4.0.0',
528 silly cache add   type: 'version' }
529 silly addNamed js-yaml@4.0.0
530 verbose addNamed "4.0.0" is a plain semver version for js-yaml
531 silly mapToRegistry name js-yaml
532 silly mapToRegistry using default registry
533 silly mapToRegistry registry https://registry.npmjs.org/
534 silly mapToRegistry uri https://registry.npmjs.org/js-yaml
535 verbose addNameVersion registry:https://registry.npmjs.org/js-yaml not in flight; fetching
536 silly resolveWithNewModule debug@4.3.1 checking installable status
537 silly cache add args [ 'debug@4.3.1', null ]
538 verbose cache add spec debug@4.3.1
539 silly cache add parsed spec Result {
539 silly cache add   raw: 'debug@4.3.1',
539 silly cache add   scope: null,
539 silly cache add   name: 'debug',
539 silly cache add   rawSpec: '4.3.1',
539 silly cache add   spec: '4.3.1',
539 silly cache add   type: 'version' }
540 silly addNamed debug@4.3.1
541 verbose addNamed "4.3.1" is a plain semver version for debug
542 silly mapToRegistry name debug
543 silly mapToRegistry using default registry
544 silly mapToRegistry registry https://registry.npmjs.org/
545 silly mapToRegistry uri https://registry.npmjs.org/debug
546 verbose addNameVersion registry:https://registry.npmjs.org/debug not in flight; fetching
547 verbose afterAdd /home/ross/.npm/ansi-colors/4.1.1/package/package.json written
548 http 304 https://registry.npmjs.org/nanoid
549 verbose headers { date: 'Sat, 25 Sep 2021 15:16:04 GMT',
549 verbose headers   connection: 'keep-alive',
549 verbose headers   'cf-ray': '694536296857f784-DEN',
549 verbose headers   'cache-control': 'public, max-age=300',
549 verbose headers   etag: '"be579ca88c8a86352e8144b431b52930"',
549 verbose headers   'last-modified': 'Sun, 12 Sep 2021 03:53:40 GMT',
549 verbose headers   vary: 'Accept-Encoding',
549 verbose headers   'cf-cache-status': 'HIT',
549 verbose headers   'expect-ct': 'max-age=604800, report-uri="https://report-uri.cloudflare.com/cdn-cgi/beacon/expect-ct"',
549 verbose headers   'x-amz-replication-status': 'COMPLETED',
549 verbose headers   server: 'cloudflare' }
550 silly get cb [ 304,
550 silly get   { date: 'Sat, 25 Sep 2021 15:16:04 GMT',
550 silly get     connection: 'keep-alive',
550 silly get     'cf-ray': '694536296857f784-DEN',
550 silly get     'cache-control': 'public, max-age=300',
550 silly get     etag: '"be579ca88c8a86352e8144b431b52930"',
550 silly get     'last-modified': 'Sun, 12 Sep 2021 03:53:40 GMT',
550 silly get     vary: 'Accept-Encoding',
550 silly get     'cf-cache-status': 'HIT',
550 silly get     'expect-ct': 'max-age=604800, report-uri="https://report-uri.cloudflare.com/cdn-cgi/beacon/expect-ct"',
550 silly get     'x-amz-replication-status': 'COMPLETED',
550 silly get     server: 'cloudflare' } ]
551 verbose etag https://registry.npmjs.org/nanoid from cache
552 verbose get saving nanoid to /home/ross/.npm/registry.npmjs.org/nanoid/.cache.json
553 silly resolveWithNewModule he@1.2.0 checking installable status
554 silly cache add args [ 'he@1.2.0', null ]
555 verbose cache add spec he@1.2.0
556 silly cache add parsed spec Result {
556 silly cache add   raw: 'he@1.2.0',
556 silly cache add   scope: null,
556 silly cache add   name: 'he',
556 silly cache add   rawSpec: '1.2.0',
556 silly cache add   spec: '1.2.0',
556 silly cache add   type: 'version' }
557 silly addNamed he@1.2.0
558 verbose addNamed "1.2.0" is a plain semver version for he
559 silly mapToRegistry name he
560 silly mapToRegistry using default registry
561 silly mapToRegistry registry https://registry.npmjs.org/
562 silly mapToRegistry uri https://registry.npmjs.org/he
563 verbose addNameVersion registry:https://registry.npmjs.org/he not in flight; fetching
564 silly resolveWithNewModule workerpool@6.1.0 checking installable status
565 silly cache add args [ 'workerpool@6.1.0', null ]
566 verbose cache add spec workerpool@6.1.0
567 silly cache add parsed spec Result {
567 silly cache add   raw: 'workerpool@6.1.0',
567 silly cache add   scope: null,
567 silly cache add   name: 'workerpool',
567 silly cache add   rawSpec: '6.1.0',
567 silly cache add   spec: '6.1.0',
567 silly cache add   type: 'version' }
568 silly addNamed workerpool@6.1.0
569 verbose addNamed "6.1.0" is a plain semver version for workerpool
570 silly mapToRegistry name workerpool
571 silly mapToRegistry using default registry
572 silly mapToRegistry registry https://registry.npmjs.org/
573 silly mapToRegistry uri https://registry.npmjs.org/workerpool
574 verbose addNameVersion registry:https://registry.npmjs.org/workerpool not in flight; fetching
575 silly cache afterAdd chokidar@3.5.1
576 verbose afterAdd /home/ross/.npm/chokidar/3.5.1/package/package.json not in flight; writing
577 http 304 https://registry.npmjs.org/growl
578 verbose headers { date: 'Sat, 25 Sep 2021 15:16:04 GMT',
578 verbose headers   connection: 'keep-alive',
578 verbose headers   'cf-ray': '694536295826f784-DEN',
578 verbose headers   'cache-control': 'public, max-age=300',
578 verbose headers   etag: '"03a81d3279ea8d2a06fb68c7d68a18c7"',
578 verbose headers   'last-modified': 'Sun, 27 May 2018 02:48:49 GMT',
578 verbose headers   vary: 'Accept-Encoding',
578 verbose headers   'cf-cache-status': 'HIT',
578 verbose headers   'expect-ct': 'max-age=604800, report-uri="https://report-uri.cloudflare.com/cdn-cgi/beacon/expect-ct"',
578 verbose headers   server: 'cloudflare' }
579 silly get cb [ 304,
579 silly get   { date: 'Sat, 25 Sep 2021 15:16:04 GMT',
579 silly get     connection: 'keep-alive',
579 silly get     'cf-ray': '694536295826f784-DEN',
579 silly get     'cache-control': 'public, max-age=300',
579 silly get     etag: '"03a81d3279ea8d2a06fb68c7d68a18c7"',
579 silly get     'last-modified': 'Sun, 27 May 2018 02:48:49 GMT',
579 silly get     vary: 'Accept-Encoding',
579 silly get     'cf-cache-status': 'HIT',
579 silly get     'expect-ct': 'max-age=604800, report-uri="https://report-uri.cloudflare.com/cdn-cgi/beacon/expect-ct"',
579 silly get     server: 'cloudflare' } ]
580 verbose etag https://registry.npmjs.org/growl from cache
581 verbose get saving growl to /home/ross/.npm/registry.npmjs.org/growl/.cache.json
582 verbose get https://registry.npmjs.org/minimatch not expired, no request
583 http 304 https://registry.npmjs.org/@ungap%2fpromise-all-settled
584 verbose headers { date: 'Sat, 25 Sep 2021 15:16:04 GMT',
584 verbose headers   connection: 'keep-alive',
584 verbose headers   'cf-ray': '69453628ec6a2707-DEN',
584 verbose headers   'cache-control': 'public, max-age=300',
584 verbose headers   etag: '"2cdb74871b650d32d4a6d967a197e67a"',
584 verbose headers   'last-modified': 'Tue, 21 Jul 2020 14:49:27 GMT',
584 verbose headers   vary: 'Accept-Encoding',
584 verbose headers   'cf-cache-status': 'HIT',
584 verbose headers   'expect-ct': 'max-age=604800, report-uri="https://report-uri.cloudflare.com/cdn-cgi/beacon/expect-ct"',
584 verbose headers   server: 'cloudflare' }
585 silly get cb [ 304,
585 silly get   { date: 'Sat, 25 Sep 2021 15:16:04 GMT',
585 silly get     connection: 'keep-alive',
585 silly get     'cf-ray': '69453628ec6a2707-DEN',
585 silly get     'cache-control': 'public, max-age=300',
585 silly get     etag: '"2cdb74871b650d32d4a6d967a197e67a"',
585 silly get     'last-modified': 'Tue, 21 Jul 2020 14:49:27 GMT',
585 silly get     vary: 'Accept-Encoding',
585 silly get     'cf-cache-status': 'HIT',
585 silly get     'expect-ct': 'max-age=604800, report-uri="https://report-uri.cloudflare.com/cdn-cgi/beacon/expect-ct"',
585 silly get     server: 'cloudflare' } ]
586 verbose etag https://registry.npmjs.org/@ungap%2fpromise-all-settled from cache
587 verbose get saving @ungap/promise-all-settled to /home/ross/.npm/registry.npmjs.org/_40ungap_252fpromise-all-settled/.cache.json
588 verbose afterAdd /home/ross/.npm/supports-color/8.1.1/package/package.json written
589 silly resolveWithNewModule diff@5.0.0 checking installable status
590 silly cache add args [ 'diff@5.0.0', null ]
591 verbose cache add spec diff@5.0.0
592 silly cache add parsed spec Result {
592 silly cache add   raw: 'diff@5.0.0',
592 silly cache add   scope: null,
592 silly cache add   name: 'diff',
592 silly cache add   rawSpec: '5.0.0',
592 silly cache add   spec: '5.0.0',
592 silly cache add   type: 'version' }
593 silly addNamed diff@5.0.0
594 verbose addNamed "5.0.0" is a plain semver version for diff
595 silly mapToRegistry name diff
596 silly mapToRegistry using default registry
597 silly mapToRegistry registry https://registry.npmjs.org/
598 silly mapToRegistry uri https://registry.npmjs.org/diff
599 verbose addNameVersion registry:https://registry.npmjs.org/diff not in flight; fetching
600 silly resolveWithNewModule which@2.0.2 checking installable status
601 silly cache add args [ 'which@2.0.2', null ]
602 verbose cache add spec which@2.0.2
603 silly cache add parsed spec Result {
603 silly cache add   raw: 'which@2.0.2',
603 silly cache add   scope: null,
603 silly cache add   name: 'which',
603 silly cache add   rawSpec: '2.0.2',
603 silly cache add   spec: '2.0.2',
603 silly cache add   type: 'version' }
604 silly addNamed which@2.0.2
605 verbose addNamed "2.0.2" is a plain semver version for which
606 silly mapToRegistry name which
607 silly mapToRegistry using default registry
608 silly mapToRegistry registry https://registry.npmjs.org/
609 silly mapToRegistry uri https://registry.npmjs.org/which
610 verbose addNameVersion registry:https://registry.npmjs.org/which not in flight; fetching
611 verbose get https://registry.npmjs.org/js-yaml not expired, no request
612 silly resolveWithNewModule log-symbols@4.0.0 checking installable status
613 silly cache add args [ 'log-symbols@4.0.0', null ]
614 verbose cache add spec log-symbols@4.0.0
615 silly cache add parsed spec Result {
615 silly cache add   raw: 'log-symbols@4.0.0',
615 silly cache add   scope: null,
615 silly cache add   name: 'log-symbols',
615 silly cache add   rawSpec: '4.0.0',
615 silly cache add   spec: '4.0.0',
615 silly cache add   type: 'version' }
616 silly addNamed log-symbols@4.0.0
617 verbose addNamed "4.0.0" is a plain semver version for log-symbols
618 silly mapToRegistry name log-symbols
619 silly mapToRegistry using default registry
620 silly mapToRegistry registry https://registry.npmjs.org/
621 silly mapToRegistry uri https://registry.npmjs.org/log-symbols
622 verbose addNameVersion registry:https://registry.npmjs.org/log-symbols not in flight; fetching
623 verbose stack Error: Missing required argument #1
623 verbose stack     at andLogAndFinish (/usr/share/npm/lib/fetch-package-metadata.js:31:3)
623 verbose stack     at fetchPackageMetadata (/usr/share/npm/lib/fetch-package-metadata.js:51:22)
623 verbose stack     at resolveWithNewModule (/usr/share/npm/lib/install/deps.js:456:12)
623 verbose stack     at /usr/share/npm/lib/install/deps.js:457:7
623 verbose stack     at /usr/share/npm/node_modules/iferr/index.js:13:50
623 verbose stack     at /usr/share/npm/lib/fetch-package-metadata.js:37:12
623 verbose stack     at addRequestedAndFinish (/usr/share/npm/lib/fetch-package-metadata.js:82:5)
623 verbose stack     at returnAndAddMetadata (/usr/share/npm/lib/fetch-package-metadata.js:117:7)
623 verbose stack     at pickVersionFromRegistryDocument (/usr/share/npm/lib/fetch-package-metadata.js:134:20)
623 verbose stack     at /usr/share/npm/node_modules/iferr/index.js:13:50
624 verbose cwd /home/ross/Projects/MSES602_HelloWorld
625 error Linux 5.4.0-86-generic
626 error argv "/usr/bin/node" "/usr/bin/npm" "install"
627 error node v8.10.0
628 error npm  v3.5.2
629 error code EMISSINGARG
630 error typeerror Error: Missing required argument #1
630 error typeerror     at andLogAndFinish (/usr/share/npm/lib/fetch-package-metadata.js:31:3)
630 error typeerror     at fetchPackageMetadata (/usr/share/npm/lib/fetch-package-metadata.js:51:22)
630 error typeerror     at resolveWithNewModule (/usr/share/npm/lib/install/deps.js:456:12)
630 error typeerror     at /usr/share/npm/lib/install/deps.js:457:7
630 error typeerror     at /usr/share/npm/node_modules/iferr/index.js:13:50
630 error typeerror     at /usr/share/npm/lib/fetch-package-metadata.js:37:12
630 error typeerror     at addRequestedAndFinish (/usr/share/npm/lib/fetch-package-metadata.js:82:5)
630 error typeerror     at returnAndAddMetadata (/usr/share/npm/lib/fetch-package-metadata.js:117:7)
630 error typeerror     at pickVersionFromRegistryDocument (/usr/share/npm/lib/fetch-package-metadata.js:134:20)
630 error typeerror     at /usr/share/npm/node_modules/iferr/index.js:13:50
631 error typeerror This is an error with npm itself. Please report this error at:
631 error typeerror     <http://github.com/npm/npm/issues>
632 verbose exit [ 1, true ]
